{
  "timestamp": "2025-09-17-14-30-25",
  "options": {
    "fast": true,
    "noWeb": false,
    "noApi": false,
    "noLint": false,
    "onlySmart": false
  },
  "results": [
    {
      "kind": "smart",
      "name": "summary router shape",
      "ok": true,
      "details": "exports router: true\nhas statusCounts: true\nhas latest: true",
      "duration": 0.001
    },
    {
      "kind": "smart",
      "name": "vitest setup trpc mock",
      "ok": false,
      "details": "has jest-dom import: true\nhas vi.mock(\"@/trpc\"): true\nhas settings.update.useMutation: false\nreturn inside mock: true",
      "duration": 0
    },
    {
      "kind": "smart",
      "name": "activity page role field",
      "ok": false,
      "details": "selects role: false\nrenders role: true",
      "duration": 0
    },
    {
      "kind": "smart",
      "name": "web vitest.config.ts basics",
      "ok": true,
      "details": "jsdom: true\nsetupFiles includes vitest.setup.ts: true\ninclude glob OK: true",
      "duration": 0
    },
    {
      "kind": "command",
      "name": "eslint (report only)",
      "cmd": "pnpm -w exec eslint . --ext .ts,.tsx --format stylish",
      "status": null,
      "duration": 9.016,
      "stdout": "\nC:\\Users\\kashi\\Desktop\\COS\\careeros\\api-e2e\\src\\support\\global-teardown.ts\n  2:1  warning  Unused eslint-disable directive (no problems were reported)\n\nC:\\Users\\kashi\\Desktop\\COS\\careeros\\api-e2e\\src\\support\\test-setup.ts\n  1:1  warning  Unused eslint-disable directive (no problems were reported)\n\nC:\\Users\\kashi\\Desktop\\COS\\careeros\\apps\\api\\src\\prisma.ts\n  4:3  warning  Unused eslint-disable directive (no problems were reported from 'no-var')\n\nC:\\Users\\kashi\\Desktop\\COS\\careeros\\apps\\api\\src\\router\\__tests__\\applications.spec.ts\n   3:30  warning  'ApplicationInput' is defined but never used  @typescript-eslint/no-unused-vars\n  10:78  warning  Unexpected any. Specify a different type      @typescript-eslint/no-explicit-any\n  16:10  warning  Unexpected any. Specify a different type      @typescript-eslint/no-explicit-any\n  28:80  warning  Unexpected any. Specify a different type      @typescript-eslint/no-explicit-any\n\nC:\\Users\\kashi\\Desktop\\COS\\careeros\\apps\\api\\src\\router\\__tests__\\demo.spec.ts\n  7:41  warning  Unexpected any. Specify a different type  @typescript-eslint/no-explicit-any\n\nC:\\Users\\kashi\\Desktop\\COS\\careeros\\apps\\api\\src\\router\\__tests__\\system.spec.ts\n  7:41  warning  Unexpected any. Specify a different type  @typescript-eslint/no-explicit-any\n\nC:\\Users\\kashi\\Desktop\\COS\\careeros\\apps\\api\\src\\router\\__tests__\\tracker.activity.spec.ts\n  13:62  warning  Unexpected any. Specify a different type  @typescript-eslint/no-explicit-any\n  31:85  warning  Unexpected any. Specify a different type  @typescript-eslint/no-explicit-any\n  45:83  warning  Unexpected any. Specify a different type  @typescript-eslint/no-explicit-any\n\nC:\\Users\\kashi\\Desktop\\COS\\careeros\\apps\\api\\src\\router\\__tests__\\tracker.crud.spec.ts\n  13:24  warning  Unexpected any. Specify a different type  @typescript-eslint/no-explicit-any\n  23:58  warning  Unexpected any. Specify a different type  @typescript-eslint/no-explicit-any\n  31:71  warning  Unexpected any. Specify a different type  @typescript-eslint/no-explicit-any\n  38:85  warning  Unexpected any. Specify a different type  @typescript-eslint/no-explicit-any\n\nC:\\Users\\kashi\\Desktop\\COS\\careeros\\apps\\api\\src\\router\\achievements.ts\n  7:41  warning  Unexpected any. Specify a different type  @typescript-eslint/no-explicit-any\n\nC:\\Users\\kashi\\Desktop\\COS\\careeros\\apps\\api\\src\\router\\activity.ts\n  7:37  warning  Unexpected any. Specify a different type  @typescript-eslint/no-explicit-any\n\nC:\\Users\\kashi\\Desktop\\COS\\careeros\\apps\\api\\src\\router\\auth.ts\n  7:33  warning  Unexpected any. Specify a different type  @typescript-eslint/no-explicit-any\n\nC:\\Users\\kashi\\Desktop\\COS\\careeros\\apps\\api\\src\\router\\calendar.ts\n  7:37  warning  Unexpected any. Specify a different type  @typescript-eslint/no-explicit-any\n\nC:\\Users\\kashi\\Desktop\\COS\\careeros\\apps\\api\\src\\router\\dashboard.ts\n  7:38  warning  Unexpected any. Specify a different type  @typescript-eslint/no-explicit-any\n\nC:\\Users\\kashi\\Desktop\\COS\\careeros\\apps\\api\\src\\router\\goals.ts\n  7:34  warning  Unexpected any. Specify a different type  @typescript-eslint/no-explicit-any\n\nC:\\Users\\kashi\\Desktop\\COS\\careeros\\apps\\api\\src\\router\\insights.ts\n  7:37  warning  Unexpected any. Specify a different type  @typescript-eslint/no-explicit-any\n\nC:\\Users\\kashi\\Desktop\\COS\\careeros\\apps\\api\\src\\router\\interviews.ts\n  7:39  warning  Unexpected any. Specify a different type  @typescript-eslint/no-explicit-any\n\nC:\\Users\\kashi\\Desktop\\COS\\careeros\\apps\\api\\src\\router\\metrics.ts\n  7:36  warning  Unexpected any. Specify a different type  @typescript-eslint/no-explicit-any\n\nC:\\Users\\kashi\\Desktop\\COS\\careeros\\apps\\api\\src\\router\\networking.ts\n  7:39  warning  Unexpected any. Specify a different type  @typescript-eslint/no-explicit-any\n\nC:\\Users\\kashi\\Desktop\\COS\\careeros\\apps\\api\\src\\router\\notifications.ts\n  7:42  warning  Unexpected any. Specify a different type  @typescript-eslint/no-explicit-any\n\nC:\\Users\\kashi\\Desktop\\COS\\careeros\\apps\\api\\src\\router\\onboarding.ts\n  7\n[‚Ä¶truncated‚Ä¶]\n",
      "stderr": ""
    },
    {
      "kind": "command",
      "name": "prisma validate",
      "cmd": "pnpm -w exec prisma validate",
      "status": 0,
      "duration": 1.574,
      "stdout": "Prisma schema loaded from prisma\\schema.prisma\nThe schema at prisma\\schema.prisma is valid üöÄ\n",
      "stderr": "Environment variables loaded from .env\nEnvironment variables loaded from prisma\\.env\n‚îå‚îÄ‚îÄ‚îÄ‚îÄ‚îÄ‚îÄ‚îÄ‚îÄ‚îÄ‚îÄ‚îÄ‚îÄ‚îÄ‚îÄ‚îÄ‚îÄ‚îÄ‚îÄ‚îÄ‚îÄ‚îÄ‚îÄ‚îÄ‚îÄ‚îÄ‚îÄ‚îÄ‚îÄ‚îÄ‚îÄ‚îÄ‚îÄ‚îÄ‚îÄ‚îÄ‚îÄ‚îÄ‚îÄ‚îÄ‚îÄ‚îÄ‚îÄ‚îÄ‚îÄ‚îÄ‚îÄ‚îÄ‚îÄ‚îÄ‚îÄ‚îÄ‚îÄ‚îÄ‚îÄ‚îÄ‚îÄ‚îÄ‚îê\n‚îÇ  Update available 6.15.0 -> 6.16.2                      ‚îÇ\n‚îÇ  Run the following to update                            ‚îÇ\n‚îÇ    npm i --save-dev prisma@latest                       ‚îÇ\n‚îÇ    npm i @prisma/client@latest                          ‚îÇ\n‚îî‚îÄ‚îÄ‚îÄ‚îÄ‚îÄ‚îÄ‚îÄ‚îÄ‚îÄ‚îÄ‚îÄ‚îÄ‚îÄ‚îÄ‚îÄ‚îÄ‚îÄ‚îÄ‚îÄ‚îÄ‚îÄ‚îÄ‚îÄ‚îÄ‚îÄ‚îÄ‚îÄ‚îÄ‚îÄ‚îÄ‚îÄ‚îÄ‚îÄ‚îÄ‚îÄ‚îÄ‚îÄ‚îÄ‚îÄ‚îÄ‚îÄ‚îÄ‚îÄ‚îÄ‚îÄ‚îÄ‚îÄ‚îÄ‚îÄ‚îÄ‚îÄ‚îÄ‚îÄ‚îÄ‚îÄ‚îÄ‚îÄ‚îò\n"
    },
    {
      "kind": "command",
      "name": "tsc --noEmit (web)",
      "cmd": "pnpm -w exec tsc -p web/tsconfig.json --noEmit",
      "status": 1,
      "duration": 2.289,
      "stdout": "web/app/tracker/[id]/activity/page.tsx(34,46): error TS2339: Property 'role' does not exist on type '{ status: ApplicationStatus; id: string; company: string; }'.\r\nweb/app/tracker/activity/page.tsx(28,42): error TS2353: Object literal may only specify known properties, and 'role' does not exist in type 'ApplicationSelect<DefaultArgs>'.\r\nweb/app/tracker/activity/page.tsx(55,46): error TS2339: Property 'role' does not exist on type '{ userId: string; status: ApplicationStatus; id: string; company: string; title: string; createdAt: Date; updatedAt: Date; }'.\r\nweb/src/app/achievements/page.spec.tsx(36,46): error TS2339: Property 'toBeInTheDocument' does not exist on type 'Assertion<HTMLElement>'.\r\nweb/src/app/achievements/page.spec.tsx(38,61): error TS2339: Property 'toBeInTheDocument' does not exist on type 'Assertion<HTMLElement>'.\r\nweb/src/app/applications/page.spec.tsx(26,68): error TS2339: Property 'toBeInTheDocument' does not exist on type 'Assertion<HTMLElement>'.\r\nweb/src/app/applications/page.spec.tsx(28,45): error TS2339: Property 'toBeInTheDocument' does not exist on type 'Assertion<HTMLElement>'.\r\nweb/src/app/applications/page.spec.tsx(29,47): error TS2339: Property 'toBeInTheDocument' does not exist on type 'Assertion<HTMLElement>'.\r\nweb/src/app/calendar/page.spec.tsx(26,64): error TS2339: Property 'toBeInTheDocument' does not exist on type 'Assertion<HTMLElement>'.\r\nweb/src/app/calendar/page.spec.tsx(28,58): error TS2339: Property 'toBeInTheDocument' does not exist on type 'Assertion<HTMLElement>'.\r\nweb/src/app/calendar/page.spec.tsx(29,54): error TS2339: Property 'toBeInTheDocument' does not exist on type 'Assertion<HTMLElement>'.\r\nweb/src/app/dashboard/page.tsx(47,40): error TS2339: Property 'role' does not exist on type '{ userId: string; status: ApplicationStatus; id: string; company: string; title: string; createdAt: Date; updatedAt: Date; }'.\r\nweb/src/app/goals/page.spec.tsx(26,61): error TS2339: Property 'toBeInTheDocument' does not exist on type 'Assertion<HTMLElement>'.\r\nweb/src/app/goals/page.spec.tsx(28,50): error TS2339: Property 'toBeInTheDocument' does not exist on type 'Assertion<HTMLElement>'.\r\nweb/src/app/goals/page.spec.tsx(29,58): error TS2339: Property 'toBeInTheDocument' does not exist on type 'Assertion<HTMLElement>'.\r\nweb/src/app/interviews/page.spec.tsx(26,66): error TS2339: Property 'toBeInTheDocument' does not exist on type 'Assertion<HTMLElement>'.\r\nweb/src/app/interviews/page.spec.tsx(28,46): error TS2339: Property 'toBeInTheDocument' does not exist on type 'Assertion<HTMLElement>'.\r\nweb/src/app/interviews/page.spec.tsx(29,48): error TS2339: Property 'toBeInTheDocument' does not exist on type 'Assertion<HTMLElement>'.\r\nweb/src/app/interviews/page.spec.tsx(30,48): error TS2339: Property 'toBeInTheDocument' does not exist on type 'Assertion<HTMLElement>'.\r\nweb/src/app/interviews/page.spec.tsx(31,48): error TS2339: Property 'toBeInTheDocument' does not exist on type 'Assertion<HTMLElement>'.\r\nweb/src/app/magic/page.tsx(10,23): error TS2339: Property 'auth' does not exist on type 'CreateTRPCReactBase<CreateRouterInner<RootConfig<{ ctx: { prisma: PrismaClient<PrismaClientOptions, LogLevel, DefaultArgs>; }; meta: object; errorShape: never; transformer: typeof SuperJSON; }>, { ...; }>, unknown> & DecoratedProcedureRecord<...>'.\r\nweb/src/app/metrics/page.spec.tsx(36,41): error TS2339: Property 'toBeInTheDocument' does not exist on type 'Assertion<HTMLElement>'.\r\nweb/src/app/metrics/page.spec.tsx(38,61): error TS2339: Property 'toBeInTheDocument' does not exist on type 'Assertion<HTMLElement>'.\r\nweb/src/app/networking/page.spec.tsx(38,44): error TS2339: Property 'toBeInTheDocument' does not exist on type 'Assertion<HTMLElement>'.\r\nweb/src/app/networking/page.spec.tsx(40,59): error TS2339: Property 'toBeInTheDocument' does not exist on type 'Assertion<HTMLElement>'.\r\nweb/src/app/notifications/page.spec.tsx(26,69): error TS2339: Property 'toBeInTheDocument' does not exist on type 'Assertion<HTMLEleme\n[‚Ä¶truncated‚Ä¶]\n",
      "stderr": ""
    },
    {
      "kind": "command",
      "name": "vitest api",
      "cmd": "pnpm -w test:api",
      "status": 0,
      "duration": 3.565,
      "stdout": "\n> @careeros/source@0.0.0 test:api C:\\Users\\kashi\\Desktop\\COS\\careeros\n> vitest run --config apps/api/vitest.config.ts\n\n\n\u001b[1m\u001b[46m RUN \u001b[49m\u001b[22m \u001b[36mv3.2.4 \u001b[39m\u001b[90mC:/Users/kashi/Desktop/COS/careeros/apps/api\u001b[39m\n\n \u001b[32m‚úì\u001b[39m src/router/__tests__/metrics.spec.ts \u001b[2m(\u001b[22m\u001b[2m1 test\u001b[22m\u001b[2m)\u001b[22m\u001b[32m 21\u001b[2mms\u001b[22m\u001b[39m\n \u001b[32m‚úì\u001b[39m src/router/__tests__/interviews.spec.ts \u001b[2m(\u001b[22m\u001b[2m1 test\u001b[22m\u001b[2m)\u001b[22m\u001b[32m 40\u001b[2mms\u001b[22m\u001b[39m\n \u001b[32m‚úì\u001b[39m src/router/__tests__/dashboard.spec.ts \u001b[2m(\u001b[22m\u001b[2m1 test\u001b[22m\u001b[2m)\u001b[22m\u001b[32m 31\u001b[2mms\u001b[22m\u001b[39m\n \u001b[32m‚úì\u001b[39m src/router/__tests__/auth.spec.ts \u001b[2m(\u001b[22m\u001b[2m1 test\u001b[22m\u001b[2m)\u001b[22m\u001b[32m 33\u001b[2mms\u001b[22m\u001b[39m\n \u001b[32m‚úì\u001b[39m src/router/__tests__/goals.spec.ts \u001b[2m(\u001b[22m\u001b[2m1 test\u001b[22m\u001b[2m)\u001b[22m\u001b[32m 26\u001b[2mms\u001b[22m\u001b[39m\n \u001b[32m‚úì\u001b[39m src/router/__tests__/insights.spec.ts \u001b[2m(\u001b[22m\u001b[2m1 test\u001b[22m\u001b[2m)\u001b[22m\u001b[32m 24\u001b[2mms\u001b[22m\u001b[39m\n \u001b[32m‚úì\u001b[39m src/router/__tests__/profile.spec.ts \u001b[2m(\u001b[22m\u001b[2m1 test\u001b[22m\u001b[2m)\u001b[22m\u001b[32m 24\u001b[2mms\u001b[22m\u001b[39m\n \u001b[32m‚úì\u001b[39m src/router/__tests__/summary.spec.ts \u001b[2m(\u001b[22m\u001b[2m1 test\u001b[22m\u001b[2m)\u001b[22m\u001b[32m 121\u001b[2mms\u001b[22m\u001b[39m\n \u001b[32m‚úì\u001b[39m src/router/__tests__/networking.spec.ts \u001b[2m(\u001b[22m\u001b[2m1 test\u001b[22m\u001b[2m)\u001b[22m\u001b[32m 23\u001b[2mms\u001b[22m\u001b[39m\n \u001b[32m‚úì\u001b[39m src/router/__tests__/calendar.spec.ts \u001b[2m(\u001b[22m\u001b[2m1 test\u001b[22m\u001b[2m)\u001b[22m\u001b[32m 24\u001b[2mms\u001b[22m\u001b[39m\n \u001b[32m‚úì\u001b[39m src/router/__tests__/tracker.spec.ts \u001b[2m(\u001b[22m\u001b[2m1 test\u001b[22m\u001b[2m)\u001b[22m\u001b[33m 310\u001b[2mms\u001b[22m\u001b[39m\n   \u001b[33m\u001b[2m‚úì\u001b[22m\u001b[39m tracker router\u001b[2m > \u001b[22mhas a trackerRouter symbol \u001b[33m 308\u001b[2mms\u001b[22m\u001b[39m\n \u001b[32m‚úì\u001b[39m src/router/__tests__/resume.spec.ts \u001b[2m(\u001b[22m\u001b[2m1 test\u001b[22m\u001b[2m)\u001b[22m\u001b[32m 60\u001b[2mms\u001b[22m\u001b[39m\n \u001b[32m‚úì\u001b[39m src/router/__tests__/planner.spec.ts \u001b[2m(\u001b[22m\u001b[2m1 test\u001b[22m\u001b[2m)\u001b[22m\u001b[32m 32\u001b[2mms\u001b[22m\u001b[39m\n \u001b[32m‚úì\u001b[39m src/router/__tests__/roadmap.spec.ts \u001b[2m(\u001b[22m\u001b[2m1 test\u001b[22m\u001b[2m)\u001b[22m\u001b[32m 31\u001b[2mms\u001b[22m\u001b[39m\n \u001b[32m‚úì\u001b[39m src/router/__tests__/settings.spec.ts \u001b[2m(\u001b[22m\u001b[2m1 test\u001b[22m\u001b[2m)\u001b[22m\u001b[32m 32\u001b[2mms\u001b[22m\u001b[39m\n \u001b[32m‚úì\u001b[39m src/router/__tests__/activity.spec.ts \u001b[2m(\u001b[22m\u001b[2m1 test\u001b[22m\u001b[2m)\u001b[22m\u001b[32m 33\u001b[2mms\u001b[22m\u001b[39m\n \u001b[32m‚úì\u001b[39m src/router/__tests__/achievements.spec.ts \u001b[2m(\u001b[22m\u001b[2m1 test\u001b[22m\u001b[2m)\u001b[22m\u001b[32m 30\u001b[2mms\u001b[22m\u001b[39m\n \u001b[32m‚úì\u001b[39m src/router/__tests__/onboarding.spec.ts \u001b[2m(\u001b[22m\u001b[2m1 test\u001b[22m\u001b[2m)\u001b[22m\u001b[32m 62\u001b[2mms\u001b[22m\u001b[39m\n \u001b[32m‚úì\u001b[39m src/router/__tests__/notifications.spec.ts \u001b[2m(\u001b[22m\u001b[2m1 test\u001b[22m\u001b[2m)\u001b[22m\u001b[32m 65\u001b[2mms\u001b[22m\u001b[39m\n \u001b[32m‚úì\u001b[39m src/router/__tests__/skills.spec.ts \u001b[2m(\u001b[22m\u001b[2m1 test\u001b[22m\u001b[2m)\u001b[22m\u001b[32m 64\u001b[2mms\u001b[22m\u001b[39m\n \u001b[32m‚úì\u001b[39m src/router/__tests__/tracker.crud.spec.ts \u001b[2m(\u001b[22m\u001b[2m4 tests\u001b[22m\u001b[2m)\u001b[22m\u001b[32m 19\u001b[2mms\u001b[22m\u001b[39m\n \u001b[32m‚úì\u001b[39m src/router/__tests__/tracker.activity.spec.ts \u001b[2m(\u001b[22m\u001b[2m3 tests\u001b[22m\u001b[2m)\u001b[22m\u001b[32m 16\u001b[2mms\u001b[22m\u001b[39m\n \u001b[32m‚úì\u001b[39m src/health.spec.ts \u001b[2m(\u001b[22m\u001b[2m1 test\u001b[22m\u001b[2m)\u001b[22m\u001b[32m 5\u001b[2mms\u001b[22m\u001b[39m\n \u001b[32m‚úì\u001b[39m src/router/__tests__/system.spec.ts \u001b[2m(\u001b[22m\u001b[2m1 test\u001b[22m\u001b[2m)\u001b[22m\u001b[32m 7\u001b[2mms\u001b[22m\u001b[39m\n \u001b[32m‚úì\u001b[39m src/router/__tests__/applications.spec.ts \u001b[2m(\u001b[22m\u001b[2m2 tests\u001b[22m\u001b[2m)\u001b[22m\u001b[32m 11\u001b[2mms\u001b[22m\u001b[39m\n \u001b[32m‚úì\u001b[39m src/router/__tests__/demo.spec.ts \u001b[2m(\u001b[22m\u001b[2m1 test\u001b[22m\u001b[2m)\u001b[22m\u001b[32m 4\u001b[2mms\u001b[22m\u001b[39m\n\n\u001b[2m Test Files \u001b[22m \u001b[1m\u001b[32m26 passed\u001b[39m\u001b[22m\u001b[90m (26)\u001b[39m\n\u001b[2m      Tests \u001b[22m \u001b[1m\u001b[32m32 passed\u001b[39m\u001b[22m\u001b[90m (32)\u001b[39m\n\u001b[2m   Start at \u001b[22m 16:30:38\n\u001b[2m   Duration \u001b[22m 2.70s\u001b[2m (transform 1.13s, setup 0ms, collect 2.11s, tests 1.15s, environment 12ms, prepare 10.52s)\u001b[22m\n\n",
      "stderr": ""
    },
    {
      "kind": "command",
      "name": "vitest web",
      "cmd": "pnpm -w test:web",
      "status": 1,
      "duration": 10.075,
      "stdout": "\n> @careeros/source@0.0.0 test:web C:\\Users\\kashi\\Desktop\\COS\\careeros\n> vitest run --config web/vitest.config.ts\n\n\n\u001b[1m\u001b[46m RUN \u001b[49m\u001b[22m \u001b[36mv3.2.4 \u001b[39m\u001b[90mC:/Users/kashi/Desktop/COS/careeros/web\u001b[39m\n\n \u001b[31m‚ùØ\u001b[39m src/app/settings/page.spec.tsx \u001b[2m(\u001b[22m\u001b[2m1 test\u001b[22m\u001b[2m | \u001b[22m\u001b[31m1 failed\u001b[39m\u001b[2m)\u001b[22m\u001b[32m 48\u001b[2mms\u001b[22m\u001b[39m\n\u001b[31m   \u001b[31m√ó\u001b[31m Settings page\u001b[2m > \u001b[22mrenders core settings values\u001b[39m\u001b[32m 45\u001b[2mms\u001b[22m\u001b[39m\n\u001b[31m     ‚Üí Cannot read properties of undefined (reading 'useMutation')\u001b[39m\n \u001b[32m‚úì\u001b[39m src/app/interviews/page.spec.tsx \u001b[2m(\u001b[22m\u001b[2m1 test\u001b[22m\u001b[2m)\u001b[22m\u001b[33m 459\u001b[2mms\u001b[22m\u001b[39m\n   \u001b[33m\u001b[2m‚úì\u001b[22m\u001b[39m Interviews page\u001b[2m > \u001b[22mrenders rows with company and stage \u001b[33m 455\u001b[2mms\u001b[22m\u001b[39m\n \u001b[32m‚úì\u001b[39m src/app/goals/page.spec.tsx \u001b[2m(\u001b[22m\u001b[2m1 test\u001b[22m\u001b[2m)\u001b[22m\u001b[33m 480\u001b[2mms\u001b[22m\u001b[39m\n   \u001b[33m\u001b[2m‚úì\u001b[22m\u001b[39m Goals page\u001b[2m > \u001b[22mrenders goals in a table \u001b[33m 476\u001b[2mms\u001b[22m\u001b[39m\n \u001b[32m‚úì\u001b[39m src/app/networking/page.spec.tsx \u001b[2m(\u001b[22m\u001b[2m1 test\u001b[22m\u001b[2m)\u001b[22m\u001b[33m 529\u001b[2mms\u001b[22m\u001b[39m\n   \u001b[33m\u001b[2m‚úì\u001b[22m\u001b[39m Networking page\u001b[2m > \u001b[22mrenders table with data \u001b[33m 525\u001b[2mms\u001b[22m\u001b[39m\n \u001b[32m‚úì\u001b[39m src/app/planner/page.spec.tsx \u001b[2m(\u001b[22m\u001b[2m1 test\u001b[22m\u001b[2m)\u001b[22m\u001b[33m 526\u001b[2mms\u001b[22m\u001b[39m\n   \u001b[33m\u001b[2m‚úì\u001b[22m\u001b[39m Planner page\u001b[2m > \u001b[22mrenders table with data \u001b[33m 523\u001b[2mms\u001b[22m\u001b[39m\n \u001b[32m‚úì\u001b[39m src/app/notifications/page.spec.tsx \u001b[2m(\u001b[22m\u001b[2m1 test\u001b[22m\u001b[2m)\u001b[22m\u001b[33m 466\u001b[2mms\u001b[22m\u001b[39m\n   \u001b[33m\u001b[2m‚úì\u001b[22m\u001b[39m Notifications page\u001b[2m > \u001b[22mshows unread count and lists items \u001b[33m 463\u001b[2mms\u001b[22m\u001b[39m\n \u001b[32m‚úì\u001b[39m src/app/roadmap/page.spec.tsx \u001b[2m(\u001b[22m\u001b[2m1 test\u001b[22m\u001b[2m)\u001b[22m\u001b[33m 652\u001b[2mms\u001b[22m\u001b[39m\n   \u001b[33m\u001b[2m‚úì\u001b[22m\u001b[39m Roadmap page\u001b[2m > \u001b[22mrenders table with data \u001b[33m 649\u001b[2mms\u001b[22m\u001b[39m\n \u001b[32m‚úì\u001b[39m src/app/calendar/page.spec.tsx \u001b[2m(\u001b[22m\u001b[2m1 test\u001b[22m\u001b[2m)\u001b[22m\u001b[33m 557\u001b[2mms\u001b[22m\u001b[39m\n   \u001b[33m\u001b[2m‚úì\u001b[22m\u001b[39m Calendar page\u001b[2m > \u001b[22mrenders upcoming events \u001b[33m 553\u001b[2mms\u001b[22m\u001b[39m\n \u001b[32m‚úì\u001b[39m src/app/achievements/page.spec.tsx \u001b[2m(\u001b[22m\u001b[2m1 test\u001b[22m\u001b[2m)\u001b[22m\u001b[33m 586\u001b[2mms\u001b[22m\u001b[39m\n   \u001b[33m\u001b[2m‚úì\u001b[22m\u001b[39m Achievements page\u001b[2m > \u001b[22mrenders table with data \u001b[33m 583\u001b[2mms\u001b[22m\u001b[39m\n \u001b[32m‚úì\u001b[39m src/app/resume/page.spec.tsx \u001b[2m(\u001b[22m\u001b[2m1 test\u001b[22m\u001b[2m)\u001b[22m\u001b[33m 539\u001b[2mms\u001b[22m\u001b[39m\n   \u001b[33m\u001b[2m‚úì\u001b[22m\u001b[39m Resume page\u001b[2m > \u001b[22mrenders table with data \u001b[33m 536\u001b[2mms\u001b[22m\u001b[39m\n \u001b[32m‚úì\u001b[39m src/app/metrics/page.spec.tsx \u001b[2m(\u001b[22m\u001b[2m1 test\u001b[22m\u001b[2m)\u001b[22m\u001b[33m 646\u001b[2mms\u001b[22m\u001b[39m\n   \u001b[33m\u001b[2m‚úì\u001b[22m\u001b[39m Metrics page\u001b[2m > \u001b[22mrenders table with data \u001b[33m 642\u001b[2mms\u001b[22m\u001b[39m\n \u001b[32m‚úì\u001b[39m src/app/skills/page.spec.tsx \u001b[2m(\u001b[22m\u001b[2m1 test\u001b[22m\u001b[2m)\u001b[22m\u001b[33m 303\u001b[2mms\u001b[22m\u001b[39m\n   \u001b[33m\u001b[2m‚úì\u001b[22m\u001b[39m Skills page\u001b[2m > \u001b[22mrenders table with data \u001b[33m 301\u001b[2mms\u001b[22m\u001b[39m\n \u001b[32m‚úì\u001b[39m src/app/tracker/activity/page.spec.tsx \u001b[2m(\u001b[22m\u001b[2m1 test\u001b[22m\u001b[2m)\u001b[22m\u001b[32m 64\u001b[2mms\u001b[22m\u001b[39m\n \u001b[32m‚úì\u001b[39m src/app/profile/page.spec.tsx \u001b[2m(\u001b[22m\u001b[2m1 test\u001b[22m\u001b[2m)\u001b[22m\u001b[32m 264\u001b[2mms\u001b[22m\u001b[39m\n \u001b[32m‚úì\u001b[39m src/app/summary/page.spec.tsx \u001b[2m(\u001b[22m\u001b[2m1 test\u001b[22m\u001b[2m)\u001b[22m\u001b[33m 382\u001b[2mms\u001b[22m\u001b[39m\n   \u001b[33m\u001b[2m‚úì\u001b[22m\u001b[39m Summary page\u001b[2m > \u001b[22mrenders KPIs and Latest table \u001b[33m 379\u001b[2mms\u001b[22m\u001b[39m\n \u001b[32m‚úì\u001b[39m src/app/applications/page.spec.tsx \u001b[2m(\u001b[22m\u001b[2m1 test\u001b[22m\u001b[2m)\u001b[22m\u001b[33m 317\u001b[2mms\u001b[22m\u001b[39m\n   \u001b[33m\u001b[2m‚úì\u001b[22m\u001b[39m Applications page\u001b[2m > \u001b[22mrenders a table with rows \u001b[33m 314\u001b[2mms\u001b[22m\u001b[39m\n \u001b[32m‚úì\u001b[39m src/app/tracker/page.spec.tsx \u001b[2m(\u001b[22m\u001b[2m1 test\u001b[22m\u001b[2m)\u001b[22m\u001b[33m 403\u001b[2mms\u001b[22m\u001b[39m\n   \u001b[33m\u001b[2m‚úì\u001b[22m\u001b[39m Tracker page\u001b[2m > \u001b[22mrenders table with data \u001b[33m 400\u001b[2mms\u001b[22m\u001b[39m\n\n\u001b[2m Test Files \u001b[22m \u001b[1m\u001b[31m1 failed\u001b[39m\u001b[22m\u001b[2m | \u001b[22m\u001b[1m\u001b[32m16 passed\u001b[39m\u001b[22m\u001b[90m (17)\u001b[39m\n\u001b[2m      Tests \u001b[22m \u001b[1m\u001b[31m1 failed\u001b[39m\u001b[22m\u001b[2m | \u001b[22m\u001b[1m\u001b[32m16 passed\u001b[39m\u001b[22m\u001b[90m (17)\u001b[39m\n\u001b[2m   Start at \u001b[22m 16:30:42\n\u001b[2m   Duration \u001b[22m 8.64s\u001b[2m (transform 606ms, setup 7.10s, collect 9.95s, tests 7.22s, environment 35.78s, prepare 7.\n[‚Ä¶truncated‚Ä¶]\n",
      "stderr": "\n\u001b[31m‚éØ‚éØ‚éØ‚éØ‚éØ‚éØ‚éØ\u001b[39m\u001b[1m\u001b[41m Failed Tests 1 \u001b[49m\u001b[22m\u001b[31m‚éØ‚éØ‚éØ‚éØ‚éØ‚éØ‚éØ\u001b[39m\n\n\u001b[41m\u001b[1m FAIL \u001b[22m\u001b[49m src/app/settings/page.spec.tsx\u001b[2m > \u001b[22mSettings page\u001b[2m > \u001b[22mrenders core settings values\n\u001b[31m\u001b[1mTypeError\u001b[22m: Cannot read properties of undefined (reading 'useMutation')\u001b[39m\n\u001b[36m \u001b[2m‚ùØ\u001b[22m SettingsPage src/app/settings/page.tsx:\u001b[2m13:39\u001b[22m\u001b[39m\n    \u001b[90m 11| \u001b[39m\u001b[35mexport\u001b[39m \u001b[35mdefault\u001b[39m \u001b[35mfunction\u001b[39m \u001b[33mSettingsPage\u001b[39m() {\n    \u001b[90m 12| \u001b[39m  \u001b[35mconst\u001b[39m { data\u001b[33m,\u001b[39m isLoading\u001b[33m,\u001b[39m error } \u001b[33m=\u001b[39m trpc\u001b[33m.\u001b[39msettings\u001b[33m.\u001b[39m\u001b[35mget\u001b[39m\u001b[33m.\u001b[39m\u001b[34museQuery\u001b[39m()\u001b[33m;\u001b[39m\n    \u001b[90m 13| \u001b[39m  \u001b[35mconst\u001b[39m update \u001b[33m=\u001b[39m trpc\u001b[33m.\u001b[39msettings\u001b[33m.\u001b[39mupdate\u001b[33m.\u001b[39m\u001b[34museMutation\u001b[39m()\u001b[33m;\u001b[39m\n    \u001b[90m   | \u001b[39m                                      \u001b[31m^\u001b[39m\n    \u001b[90m 14| \u001b[39m  const [form, setForm] = useState<Settings>({ theme: 'system', timezo‚Ä¶\n    \u001b[90m 15| \u001b[39m\n\u001b[90m \u001b[2m‚ùØ\u001b[22m Object.react-stack-bottom-frame ../node_modules/.pnpm/react-dom@19.0.0_react@19.0.0/node_modules/react-dom/cjs/react-dom-client.development.js:\u001b[2m22428:20\u001b[22m\u001b[39m\n\u001b[90m \u001b[2m‚ùØ\u001b[22m renderWithHooks ../node_modules/.pnpm/react-dom@19.0.0_react@19.0.0/node_modules/react-dom/cjs/react-dom-client.development.js:\u001b[2m5757:22\u001b[22m\u001b[39m\n\u001b[90m \u001b[2m‚ùØ\u001b[22m updateFunctionComponent ../node_modules/.pnpm/react-dom@19.0.0_react@19.0.0/node_modules/react-dom/cjs/react-dom-client.development.js:\u001b[2m8018:19\u001b[22m\u001b[39m\n\u001b[90m \u001b[2m‚ùØ\u001b[22m beginWork ../node_modules/.pnpm/react-dom@19.0.0_react@19.0.0/node_modules/react-dom/cjs/react-dom-client.development.js:\u001b[2m9683:18\u001b[22m\u001b[39m\n\u001b[90m \u001b[2m‚ùØ\u001b[22m runWithFiberInDEV ../node_modules/.pnpm/react-dom@19.0.0_react@19.0.0/node_modules/react-dom/cjs/react-dom-client.development.js:\u001b[2m543:16\u001b[22m\u001b[39m\n\u001b[90m \u001b[2m‚ùØ\u001b[22m performUnitOfWork ../node_modules/.pnpm/react-dom@19.0.0_react@19.0.0/node_modules/react-dom/cjs/react-dom-client.development.js:\u001b[2m15052:22\u001b[22m\u001b[39m\n\u001b[90m \u001b[2m‚ùØ\u001b[22m workLoopSync ../node_modules/.pnpm/react-dom@19.0.0_react@19.0.0/node_modules/react-dom/cjs/react-dom-client.development.js:\u001b[2m14870:41\u001b[22m\u001b[39m\n\u001b[90m \u001b[2m‚ùØ\u001b[22m renderRootSync ../node_modules/.pnpm/react-dom@19.0.0_react@19.0.0/node_modules/react-dom/cjs/react-dom-client.development.js:\u001b[2m14850:11\u001b[22m\u001b[39m\n\u001b[90m \u001b[2m‚ùØ\u001b[22m performWorkOnRoot ../node_modules/.pnpm/react-dom@19.0.0_react@19.0.0/node_modules/react-dom/cjs/react-dom-client.development.js:\u001b[2m14384:44\u001b[22m\u001b[39m\n\n\u001b[31m\u001b[2m‚éØ‚éØ‚éØ‚éØ‚éØ‚éØ‚éØ‚éØ‚éØ‚éØ‚éØ‚éØ‚éØ‚éØ‚éØ‚éØ‚éØ‚éØ‚éØ‚éØ‚éØ‚éØ‚éØ‚éØ[1/1]‚éØ\u001b[22m\u001b[39m\n\n"
    }
  ],
  "summary": "Smart checks:\n  ‚Ä¢ summary router shape: OK\n  ‚Ä¢ vitest setup trpc mock: ISSUE\n  ‚Ä¢ activity page role field: ISSUE\n  ‚Ä¢ web vitest.config.ts basics: OK\n\nCommands:\n  ‚Ä¢ eslint (report only): FAIL (9.0s)\n  ‚Ä¢ prisma validate: PASS (1.6s)\n  ‚Ä¢ tsc --noEmit (web): FAIL (2.3s)\n  ‚Ä¢ vitest api: PASS (3.6s)\n  ‚Ä¢ vitest web: FAIL (10.1s)"
}
